[    4109ms] [ERROR] Failed to load resource: the server responded with a status of 500 (Internal Server Error) @ http://localhost:3333/sign-in?redirect_url=http%3A%2F%2Flocalhost%3A3333%2Fdashboard%2Fkpi:0
[    4263ms] [INFO] %cDownload the React DevTools for a better development experience: https://react.dev/link/react-devtools font-weight:bold @ http://localhost:3333/_next/static/chunks/node_modules_next_dist_115brz8._.js:2431
[    4317ms] [LOG] [HMR] connected @ http://localhost:3333/_next/static/chunks/node_modules_next_dist_115brz8._.js:2431
[    4418ms] Error: @clerk/react: useClerkSignal can only be used within the <ClerkProvider /> component. Learn more: https://clerk.com/docs/components/clerk-provider
    at Object.throwMissingClerkProviderError (http://localhost:3333/_next/static/chunks/node_modules_0tn1__j._.js:660:19)
    at useAssertWrappedByClerkProvider.useSharedAssertWrappedByClerkProvider (http://localhost:3333/_next/static/chunks/node_modules_0tn1__j._.js:8002:26)
    at useAssertWrappedByClerkProvider (http://localhost:3333/_next/static/chunks/node_modules_0tn1__j._.js:4706:13)
    at useAssertWrappedByClerkProvider (http://localhost:3333/_next/static/chunks/node_modules_0tn1__j._.js:8000:215)
    at useClerkSignal (http://localhost:3333/_next/static/chunks/node_modules_0tn1__j._.js:9882:206)
    at useSignIn (http://localhost:3333/_next/static/chunks/node_modules_0tn1__j._.js:9954:12)
    at PhoneSignIn (http://localhost:3333/_next/static/chunks/src_0kk3nin._.js:312:232)
    at Object.react_stack_bottom_frame (http://localhost:3333/_next/static/chunks/node_modules_next_dist_compiled_react-dom_058-ah~._.js:15037:24)
    at renderWithHooks (http://localhost:3333/_next/static/chunks/node_modules_next_dist_compiled_react-dom_058-ah~._.js:4620:24)
    at updateFunctionComponent (http://localhost:3333/_next/static/chunks/node_modules_next_dist_compiled_react-dom_058-ah~._.js:6081:21)
    at beginWork (http://localhost:3333/_next/static/chunks/node_modules_next_dist_compiled_react-dom_058-ah~._.js:6665:639)
    at runWithFiberInDEV (http://localhost:3333/_next/static/chunks/node_modules_next_dist_compiled_react-dom_058-ah~._.js:965:74)
    at performUnitOfWork (http://localhost:3333/_next/static/chunks/node_modules_next_dist_compiled_react-dom_058-ah~._.js:9555:97)
    at workLoopSync (http://localhost:3333/_next/static/chunks/node_modules_next_dist_compiled_react-dom_058-ah~._.js:9449:40)
    at renderRootSync (http://localhost:3333/_next/static/chunks/node_modules_next_dist_compiled_react-dom_058-ah~._.js:9433:13)
    at performWorkOnRoot (http://localhost:3333/_next/static/chunks/node_modules_next_dist_compiled_react-dom_058-ah~._.js:9098:47)
    at performWorkOnRootViaSchedulerTask (http://localhost:3333/_next/static/chunks/node_modules_next_dist_compiled_react-dom_058-ah~._.js:10255:9)
    at MessagePort.performWorkUntilDeadline (http://localhost:3333/_next/static/chunks/node_modules_next_dist_compiled_0rpq4pf._.js:2647:64)
[    4422ms] [ERROR] Failed to load resource: the server responded with a status of 404 (Not Found) @ http://localhost:3333/favicon.ico:0
[   14743ms] [LOG] [Fast Refresh] rebuilding @ http://localhost:3333/_next/static/chunks/node_modules_next_dist_115brz8._.js:2431
[   14862ms] [ERROR] Failed to load resource: the server responded with a status of 404 (Not Found) @ http://localhost:3333/api/analytics/funnel:0
[   14866ms] [LOG] [Fast Refresh] done in 224ms @ http://localhost:3333/_next/static/chunks/node_modules_next_dist_115brz8._.js:2431
